2013/01/21 15:08:05 [error] [php] Trying to get property of non-object (C:\xampp\htdocs\cfornursery\protected\views\stock\_form.php:19)
Stack trace:
#0 D:\yii115\framework\web\CController.php(833): StockController->renderFile()
#1 C:\xampp\htdocs\cfornursery\protected\views\stock\create.php(10): StockController->renderPartial()
#2 D:\yii115\framework\web\CBaseController.php(119): require()
#3 D:\yii115\framework\web\CBaseController.php(88): StockController->renderInternal()
#4 D:\yii115\framework\web\CController.php(833): StockController->renderFile()
#5 D:\yii115\framework\web\CController.php(746): StockController->renderPartial()
#6 C:\xampp\htdocs\cfornursery\protected\controllers\StockController.php(82): StockController->render()
#7 D:\yii115\framework\web\actions\CInlineAction.php(57): StockController->actionCreate()
#8 D:\yii115\framework\web\CController.php(300): CInlineAction->run()
#9 D:\yii115\framework\web\filters\CFilterChain.php(133): StockController->runAction()
#10 D:\yii115\framework\web\filters\CFilter.php(41): CFilterChain->run()
#11 D:\yii115\framework\web\CController.php(1084): CAccessControlFilter->filter()
#12 D:\yii115\framework\web\filters\CInlineFilter.php(59): StockController->filterAccessControl()
#13 D:\yii115\framework\web\filters\CFilterChain.php(130): CInlineFilter->filter()
#14 D:\yii115\framework\web\CController.php(283): CFilterChain->run()
#15 D:\yii115\framework\web\CController.php(257): StockController->runActionWithFilters()
#16 D:\yii115\framework\web\CWebApplication.php(324): StockController->run()
#17 D:\yii115\framework\web\CWebApplication.php(121): CWebApplication->runController()
#18 D:\yii115\framework\base\CApplication.php(135): CWebApplication->processRequest()
#19 C:\xampp\htdocs\cfornursery\index.php(15): CWebApplication->run()
REQUEST_URI=/cfornursery/index.php?r=stock/Create
2013/01/21 15:09:23 [error] [php] Trying to get property of non-object (C:\xampp\htdocs\cfornursery\protected\views\stock\_form.php:19)
Stack trace:
#0 D:\yii115\framework\web\CController.php(833): StockController->renderFile()
#1 C:\xampp\htdocs\cfornursery\protected\views\stock\create.php(10): StockController->renderPartial()
#2 D:\yii115\framework\web\CBaseController.php(119): require()
#3 D:\yii115\framework\web\CBaseController.php(88): StockController->renderInternal()
#4 D:\yii115\framework\web\CController.php(833): StockController->renderFile()
#5 D:\yii115\framework\web\CController.php(746): StockController->renderPartial()
#6 C:\xampp\htdocs\cfornursery\protected\controllers\StockController.php(82): StockController->render()
#7 D:\yii115\framework\web\actions\CInlineAction.php(57): StockController->actionCreate()
#8 D:\yii115\framework\web\CController.php(300): CInlineAction->run()
#9 D:\yii115\framework\web\filters\CFilterChain.php(133): StockController->runAction()
#10 D:\yii115\framework\web\filters\CFilter.php(41): CFilterChain->run()
#11 D:\yii115\framework\web\CController.php(1084): CAccessControlFilter->filter()
#12 D:\yii115\framework\web\filters\CInlineFilter.php(59): StockController->filterAccessControl()
#13 D:\yii115\framework\web\filters\CFilterChain.php(130): CInlineFilter->filter()
#14 D:\yii115\framework\web\CController.php(283): CFilterChain->run()
#15 D:\yii115\framework\web\CController.php(257): StockController->runActionWithFilters()
#16 D:\yii115\framework\web\CWebApplication.php(324): StockController->run()
#17 D:\yii115\framework\web\CWebApplication.php(121): CWebApplication->runController()
#18 D:\yii115\framework\base\CApplication.php(135): CWebApplication->processRequest()
#19 C:\xampp\htdocs\cfornursery\index.php(15): CWebApplication->run()
REQUEST_URI=/cfornursery/index.php?r=stock/Create
2013/01/21 15:09:25 [error] [php] Trying to get property of non-object (C:\xampp\htdocs\cfornursery\protected\views\stock\_form.php:19)
Stack trace:
#0 D:\yii115\framework\web\CController.php(833): StockController->renderFile()
#1 C:\xampp\htdocs\cfornursery\protected\views\stock\create.php(10): StockController->renderPartial()
#2 D:\yii115\framework\web\CBaseController.php(119): require()
#3 D:\yii115\framework\web\CBaseController.php(88): StockController->renderInternal()
#4 D:\yii115\framework\web\CController.php(833): StockController->renderFile()
#5 D:\yii115\framework\web\CController.php(746): StockController->renderPartial()
#6 C:\xampp\htdocs\cfornursery\protected\controllers\StockController.php(82): StockController->render()
#7 D:\yii115\framework\web\actions\CInlineAction.php(57): StockController->actionCreate()
#8 D:\yii115\framework\web\CController.php(300): CInlineAction->run()
#9 D:\yii115\framework\web\filters\CFilterChain.php(133): StockController->runAction()
#10 D:\yii115\framework\web\filters\CFilter.php(41): CFilterChain->run()
#11 D:\yii115\framework\web\CController.php(1084): CAccessControlFilter->filter()
#12 D:\yii115\framework\web\filters\CInlineFilter.php(59): StockController->filterAccessControl()
#13 D:\yii115\framework\web\filters\CFilterChain.php(130): CInlineFilter->filter()
#14 D:\yii115\framework\web\CController.php(283): CFilterChain->run()
#15 D:\yii115\framework\web\CController.php(257): StockController->runActionWithFilters()
#16 D:\yii115\framework\web\CWebApplication.php(324): StockController->run()
#17 D:\yii115\framework\web\CWebApplication.php(121): CWebApplication->runController()
#18 D:\yii115\framework\base\CApplication.php(135): CWebApplication->processRequest()
#19 C:\xampp\htdocs\cfornursery\index.php(15): CWebApplication->run()
REQUEST_URI=/cfornursery/index.php?r=stock/Create
2013/01/21 15:09:26 [error] [php] Trying to get property of non-object (C:\xampp\htdocs\cfornursery\protected\views\stock\_form.php:19)
Stack trace:
#0 D:\yii115\framework\web\CController.php(833): StockController->renderFile()
#1 C:\xampp\htdocs\cfornursery\protected\views\stock\create.php(10): StockController->renderPartial()
#2 D:\yii115\framework\web\CBaseController.php(119): require()
#3 D:\yii115\framework\web\CBaseController.php(88): StockController->renderInternal()
#4 D:\yii115\framework\web\CController.php(833): StockController->renderFile()
#5 D:\yii115\framework\web\CController.php(746): StockController->renderPartial()
#6 C:\xampp\htdocs\cfornursery\protected\controllers\StockController.php(82): StockController->render()
#7 D:\yii115\framework\web\actions\CInlineAction.php(57): StockController->actionCreate()
#8 D:\yii115\framework\web\CController.php(300): CInlineAction->run()
#9 D:\yii115\framework\web\filters\CFilterChain.php(133): StockController->runAction()
#10 D:\yii115\framework\web\filters\CFilter.php(41): CFilterChain->run()
#11 D:\yii115\framework\web\CController.php(1084): CAccessControlFilter->filter()
#12 D:\yii115\framework\web\filters\CInlineFilter.php(59): StockController->filterAccessControl()
#13 D:\yii115\framework\web\filters\CFilterChain.php(130): CInlineFilter->filter()
#14 D:\yii115\framework\web\CController.php(283): CFilterChain->run()
#15 D:\yii115\framework\web\CController.php(257): StockController->runActionWithFilters()
#16 D:\yii115\framework\web\CWebApplication.php(324): StockController->run()
#17 D:\yii115\framework\web\CWebApplication.php(121): CWebApplication->runController()
#18 D:\yii115\framework\base\CApplication.php(135): CWebApplication->processRequest()
#19 C:\xampp\htdocs\cfornursery\index.php(15): CWebApplication->run()
REQUEST_URI=/cfornursery/index.php?r=stock/Create
2013/01/21 15:56:13 [error] [php] Trying to get property of non-object (C:\xampp\htdocs\cfornursery\protected\views\stock\_form.php:19)
Stack trace:
#0 D:\yii115\framework\web\CController.php(833): StockController->renderFile()
#1 C:\xampp\htdocs\cfornursery\protected\views\stock\create.php(10): StockController->renderPartial()
#2 D:\yii115\framework\web\CBaseController.php(119): require()
#3 D:\yii115\framework\web\CBaseController.php(88): StockController->renderInternal()
#4 D:\yii115\framework\web\CController.php(833): StockController->renderFile()
#5 D:\yii115\framework\web\CController.php(746): StockController->renderPartial()
#6 C:\xampp\htdocs\cfornursery\protected\controllers\StockController.php(82): StockController->render()
#7 D:\yii115\framework\web\actions\CInlineAction.php(57): StockController->actionCreate()
#8 D:\yii115\framework\web\CController.php(300): CInlineAction->run()
#9 D:\yii115\framework\web\filters\CFilterChain.php(133): StockController->runAction()
#10 D:\yii115\framework\web\filters\CFilter.php(41): CFilterChain->run()
#11 D:\yii115\framework\web\CController.php(1084): CAccessControlFilter->filter()
#12 D:\yii115\framework\web\filters\CInlineFilter.php(59): StockController->filterAccessControl()
#13 D:\yii115\framework\web\filters\CFilterChain.php(130): CInlineFilter->filter()
#14 D:\yii115\framework\web\CController.php(283): CFilterChain->run()
#15 D:\yii115\framework\web\CController.php(257): StockController->runActionWithFilters()
#16 D:\yii115\framework\web\CWebApplication.php(324): StockController->run()
#17 D:\yii115\framework\web\CWebApplication.php(121): CWebApplication->runController()
#18 D:\yii115\framework\base\CApplication.php(135): CWebApplication->processRequest()
#19 C:\xampp\htdocs\cfornursery\index.php(15): CWebApplication->run()
REQUEST_URI=/cfornursery/index.php?r=stock/Create
2013/01/21 15:57:31 [error] [php] Trying to get property of non-object (C:\xampp\htdocs\cfornursery\protected\views\stock\_form.php:19)
Stack trace:
#0 D:\yii115\framework\web\CController.php(833): StockController->renderFile()
#1 C:\xampp\htdocs\cfornursery\protected\views\stock\create.php(10): StockController->renderPartial()
#2 D:\yii115\framework\web\CBaseController.php(119): require()
#3 D:\yii115\framework\web\CBaseController.php(88): StockController->renderInternal()
#4 D:\yii115\framework\web\CController.php(833): StockController->renderFile()
#5 D:\yii115\framework\web\CController.php(746): StockController->renderPartial()
#6 C:\xampp\htdocs\cfornursery\protected\controllers\StockController.php(82): StockController->render()
#7 D:\yii115\framework\web\actions\CInlineAction.php(57): StockController->actionCreate()
#8 D:\yii115\framework\web\CController.php(300): CInlineAction->run()
#9 D:\yii115\framework\web\filters\CFilterChain.php(133): StockController->runAction()
#10 D:\yii115\framework\web\filters\CFilter.php(41): CFilterChain->run()
#11 D:\yii115\framework\web\CController.php(1084): CAccessControlFilter->filter()
#12 D:\yii115\framework\web\filters\CInlineFilter.php(59): StockController->filterAccessControl()
#13 D:\yii115\framework\web\filters\CFilterChain.php(130): CInlineFilter->filter()
#14 D:\yii115\framework\web\CController.php(283): CFilterChain->run()
#15 D:\yii115\framework\web\CController.php(257): StockController->runActionWithFilters()
#16 D:\yii115\framework\web\CWebApplication.php(324): StockController->run()
#17 D:\yii115\framework\web\CWebApplication.php(121): CWebApplication->runController()
#18 D:\yii115\framework\base\CApplication.php(135): CWebApplication->processRequest()
#19 C:\xampp\htdocs\cfornursery\index.php(15): CWebApplication->run()
REQUEST_URI=/cfornursery/index.php?r=stock/Create
2013/01/21 15:57:32 [error] [php] Trying to get property of non-object (C:\xampp\htdocs\cfornursery\protected\views\stock\_form.php:19)
Stack trace:
#0 D:\yii115\framework\web\CController.php(833): StockController->renderFile()
#1 C:\xampp\htdocs\cfornursery\protected\views\stock\create.php(10): StockController->renderPartial()
#2 D:\yii115\framework\web\CBaseController.php(119): require()
#3 D:\yii115\framework\web\CBaseController.php(88): StockController->renderInternal()
#4 D:\yii115\framework\web\CController.php(833): StockController->renderFile()
#5 D:\yii115\framework\web\CController.php(746): StockController->renderPartial()
#6 C:\xampp\htdocs\cfornursery\protected\controllers\StockController.php(82): StockController->render()
#7 D:\yii115\framework\web\actions\CInlineAction.php(57): StockController->actionCreate()
#8 D:\yii115\framework\web\CController.php(300): CInlineAction->run()
#9 D:\yii115\framework\web\filters\CFilterChain.php(133): StockController->runAction()
#10 D:\yii115\framework\web\filters\CFilter.php(41): CFilterChain->run()
#11 D:\yii115\framework\web\CController.php(1084): CAccessControlFilter->filter()
#12 D:\yii115\framework\web\filters\CInlineFilter.php(59): StockController->filterAccessControl()
#13 D:\yii115\framework\web\filters\CFilterChain.php(130): CInlineFilter->filter()
#14 D:\yii115\framework\web\CController.php(283): CFilterChain->run()
#15 D:\yii115\framework\web\CController.php(257): StockController->runActionWithFilters()
#16 D:\yii115\framework\web\CWebApplication.php(324): StockController->run()
#17 D:\yii115\framework\web\CWebApplication.php(121): CWebApplication->runController()
#18 D:\yii115\framework\base\CApplication.php(135): CWebApplication->processRequest()
#19 C:\xampp\htdocs\cfornursery\index.php(15): CWebApplication->run()
REQUEST_URI=/cfornursery/index.php?r=stock/Create
2013/01/21 17:02:15 [error] [php] Trying to get property of non-object (C:\xampp\htdocs\cfornursery\protected\views\stock\_form.php:19)
Stack trace:
#0 D:\yii115\framework\web\CController.php(833): StockController->renderFile()
#1 C:\xampp\htdocs\cfornursery\protected\views\stock\create.php(10): StockController->renderPartial()
#2 D:\yii115\framework\web\CBaseController.php(119): require()
#3 D:\yii115\framework\web\CBaseController.php(88): StockController->renderInternal()
#4 D:\yii115\framework\web\CController.php(833): StockController->renderFile()
#5 D:\yii115\framework\web\CController.php(746): StockController->renderPartial()
#6 C:\xampp\htdocs\cfornursery\protected\controllers\StockController.php(82): StockController->render()
#7 D:\yii115\framework\web\actions\CInlineAction.php(57): StockController->actionCreate()
#8 D:\yii115\framework\web\CController.php(300): CInlineAction->run()
#9 D:\yii115\framework\web\filters\CFilterChain.php(133): StockController->runAction()
#10 D:\yii115\framework\web\filters\CFilter.php(41): CFilterChain->run()
#11 D:\yii115\framework\web\CController.php(1084): CAccessControlFilter->filter()
#12 D:\yii115\framework\web\filters\CInlineFilter.php(59): StockController->filterAccessControl()
#13 D:\yii115\framework\web\filters\CFilterChain.php(130): CInlineFilter->filter()
#14 D:\yii115\framework\web\CController.php(283): CFilterChain->run()
#15 D:\yii115\framework\web\CController.php(257): StockController->runActionWithFilters()
#16 D:\yii115\framework\web\CWebApplication.php(324): StockController->run()
#17 D:\yii115\framework\web\CWebApplication.php(121): CWebApplication->runController()
#18 D:\yii115\framework\base\CApplication.php(135): CWebApplication->processRequest()
#19 C:\xampp\htdocs\cfornursery\index.php(15): CWebApplication->run()
REQUEST_URI=/cfornursery/index.php?r=stock/Create
2013/01/21 17:02:16 [error] [php] Trying to get property of non-object (C:\xampp\htdocs\cfornursery\protected\views\stock\_form.php:19)
Stack trace:
#0 D:\yii115\framework\web\CController.php(833): StockController->renderFile()
#1 C:\xampp\htdocs\cfornursery\protected\views\stock\create.php(10): StockController->renderPartial()
#2 D:\yii115\framework\web\CBaseController.php(119): require()
#3 D:\yii115\framework\web\CBaseController.php(88): StockController->renderInternal()
#4 D:\yii115\framework\web\CController.php(833): StockController->renderFile()
#5 D:\yii115\framework\web\CController.php(746): StockController->renderPartial()
#6 C:\xampp\htdocs\cfornursery\protected\controllers\StockController.php(82): StockController->render()
#7 D:\yii115\framework\web\actions\CInlineAction.php(57): StockController->actionCreate()
#8 D:\yii115\framework\web\CController.php(300): CInlineAction->run()
#9 D:\yii115\framework\web\filters\CFilterChain.php(133): StockController->runAction()
#10 D:\yii115\framework\web\filters\CFilter.php(41): CFilterChain->run()
#11 D:\yii115\framework\web\CController.php(1084): CAccessControlFilter->filter()
#12 D:\yii115\framework\web\filters\CInlineFilter.php(59): StockController->filterAccessControl()
#13 D:\yii115\framework\web\filters\CFilterChain.php(130): CInlineFilter->filter()
#14 D:\yii115\framework\web\CController.php(283): CFilterChain->run()
#15 D:\yii115\framework\web\CController.php(257): StockController->runActionWithFilters()
#16 D:\yii115\framework\web\CWebApplication.php(324): StockController->run()
#17 D:\yii115\framework\web\CWebApplication.php(121): CWebApplication->runController()
#18 D:\yii115\framework\base\CApplication.php(135): CWebApplication->processRequest()
#19 C:\xampp\htdocs\cfornursery\index.php(15): CWebApplication->run()
REQUEST_URI=/cfornursery/index.php?r=stock/Create
2013/01/22 04:25:41 [error] [system.db.CDbCommand] Error in querying SQL: SHOW COLUMNS FROM `summary`
2013/01/22 04:25:41 [error] [exception.CDbException] exception 'CDbException' with message 'The table "summary" for active record class "Summary" cannot be found in the database.' in D:\yii115\framework\db\ar\CActiveRecord.php:2169
Stack trace:
#0 D:\yii115\framework\db\ar\CActiveRecord.php(354): CActiveRecordMetaData->__construct(Object(Summary))
#1 D:\yii115\framework\db\ar\CActiveRecord.php(369): CActiveRecord::model('Summary')
#2 D:\yii115\framework\db\ar\CActiveRecord.php(62): CActiveRecord->getMetaData()
#3 C:\xampp\htdocs\cfornursery\protected\controllers\StockController.php(159): CActiveRecord->__construct('search')
#4 D:\yii115\framework\web\actions\CInlineAction.php(57): StockController->actionSummary()
#5 D:\yii115\framework\web\CController.php(300): CInlineAction->run()
#6 D:\yii115\framework\web\filters\CFilterChain.php(133): CController->runAction(Object(CInlineAction))
#7 D:\yii115\framework\web\filters\CFilter.php(41): CFilterChain->run()
#8 D:\yii115\framework\web\CController.php(1084): CFilter->filter(Object(CFilterChain))
#9 D:\yii115\framework\web\filters\CInlineFilter.php(59): CController->filterAccessControl(Object(CFilterChain))
#10 D:\yii115\framework\web\filters\CFilterChain.php(130): CInlineFilter->filter(Object(CFilterChain))
#11 D:\yii115\framework\web\CController.php(283): CFilterChain->run()
#12 D:\yii115\framework\web\CController.php(257): CController->runActionWithFilters(Object(CInlineAction), Array)
#13 D:\yii115\framework\web\CWebApplication.php(324): CController->run('summary')
#14 D:\yii115\framework\web\CWebApplication.php(121): CWebApplication->runController('stock/summary')
#15 D:\yii115\framework\base\CApplication.php(135): CWebApplication->processRequest()
#16 C:\xampp\htdocs\cfornursery\index.php(15): CApplication->run()
#17 {main} REQUEST_URI=/cfornursery/index.php?r=stock/summary
2013/01/22 04:41:03 [error] [exception.CException] exception 'CException' with message 'SiteController cannot find the requested view "contact".' in D:\yii115\framework\web\CController.php:842
Stack trace:
#0 D:\yii115\framework\web\CController.php(746): CController->renderPartial('contact', Array, true)
#1 C:\xampp\htdocs\cfornursery\protected\controllers\SiteController.php(66): CController->render('contact', Array)
#2 D:\yii115\framework\web\actions\CInlineAction.php(57): SiteController->actionContact()
#3 D:\yii115\framework\web\CController.php(300): CInlineAction->run()
#4 D:\yii115\framework\web\CController.php(278): CController->runAction(Object(CInlineAction))
#5 D:\yii115\framework\web\CController.php(257): CController->runActionWithFilters(Object(CInlineAction), Array)
#6 D:\yii115\framework\web\CWebApplication.php(324): CController->run('contact')
#7 D:\yii115\framework\web\CWebApplication.php(121): CWebApplication->runController('site/contact')
#8 D:\yii115\framework\base\CApplication.php(135): CWebApplication->processRequest()
#9 C:\xampp\htdocs\cfornursery\index.php(15): CApplication->run()
#10 {main} REQUEST_URI=/cfornursery/index.php?r=site/contact
2013/01/22 04:41:17 [error] [system.db.CDbCommand] Error in querying SQL: SELECT * FROM `summary` `t` WHERE total <> 0
2013/01/22 04:41:17 [error] [exception.CDbException] exception 'CDbException' with message 'CDbCommand failed to execute the SQL statement: SQLSTATE[42S22]: Column not found: 1054 Unknown column 'total' in 'where clause'' in D:\yii115\framework\db\CDbCommand.php:408
Stack trace:
#0 D:\yii115\framework\db\CDbCommand.php(294): CDbCommand->queryInternal('fetchAll', 2, Array)
#1 D:\yii115\framework\db\ar\CActiveRecord.php(1238): CDbCommand->queryAll()
#2 D:\yii115\framework\db\ar\CActiveRecord.php(1324): CActiveRecord->query(Object(CDbCriteria), true)
#3 C:\xampp\htdocs\cfornursery\protected\controllers\StockController.php(163): CActiveRecord->findAll('total <> 0')
#4 D:\yii115\framework\web\actions\CInlineAction.php(57): StockController->actionSummary()
#5 D:\yii115\framework\web\CController.php(300): CInlineAction->run()
#6 D:\yii115\framework\web\filters\CFilterChain.php(133): CController->runAction(Object(CInlineAction))
#7 D:\yii115\framework\web\filters\CFilter.php(41): CFilterChain->run()
#8 D:\yii115\framework\web\CController.php(1084): CFilter->filter(Object(CFilterChain))
#9 D:\yii115\framework\web\filters\CInlineFilter.php(59): CController->filterAccessControl(Object(CFilterChain))
#10 D:\yii115\framework\web\filters\CFilterChain.php(130): CInlineFilter->filter(Object(CFilterChain))
#11 D:\yii115\framework\web\CController.php(283): CFilterChain->run()
#12 D:\yii115\framework\web\CController.php(257): CController->runActionWithFilters(Object(CInlineAction), Array)
#13 D:\yii115\framework\web\CWebApplication.php(324): CController->run('summary')
#14 D:\yii115\framework\web\CWebApplication.php(121): CWebApplication->runController('stock/summary')
#15 D:\yii115\framework\base\CApplication.php(135): CWebApplication->processRequest()
#16 C:\xampp\htdocs\cfornursery\index.php(15): CApplication->run()
#17 {main} REQUEST_URI=/cfornursery/index.php?r=stock/summary
2013/01/22 04:41:21 [error] [system.db.CDbCommand] Error in querying SQL: SELECT * FROM `summary` `t` WHERE total <> 0
2013/01/22 04:41:21 [error] [exception.CDbException] exception 'CDbException' with message 'CDbCommand failed to execute the SQL statement: SQLSTATE[42S22]: Column not found: 1054 Unknown column 'total' in 'where clause'' in D:\yii115\framework\db\CDbCommand.php:408
Stack trace:
#0 D:\yii115\framework\db\CDbCommand.php(294): CDbCommand->queryInternal('fetchAll', 2, Array)
#1 D:\yii115\framework\db\ar\CActiveRecord.php(1238): CDbCommand->queryAll()
#2 D:\yii115\framework\db\ar\CActiveRecord.php(1324): CActiveRecord->query(Object(CDbCriteria), true)
#3 C:\xampp\htdocs\cfornursery\protected\controllers\StockController.php(163): CActiveRecord->findAll('total <> 0')
#4 D:\yii115\framework\web\actions\CInlineAction.php(57): StockController->actionSummary()
#5 D:\yii115\framework\web\CController.php(300): CInlineAction->run()
#6 D:\yii115\framework\web\filters\CFilterChain.php(133): CController->runAction(Object(CInlineAction))
#7 D:\yii115\framework\web\filters\CFilter.php(41): CFilterChain->run()
#8 D:\yii115\framework\web\CController.php(1084): CFilter->filter(Object(CFilterChain))
#9 D:\yii115\framework\web\filters\CInlineFilter.php(59): CController->filterAccessControl(Object(CFilterChain))
#10 D:\yii115\framework\web\filters\CFilterChain.php(130): CInlineFilter->filter(Object(CFilterChain))
#11 D:\yii115\framework\web\CController.php(283): CFilterChain->run()
#12 D:\yii115\framework\web\CController.php(257): CController->runActionWithFilters(Object(CInlineAction), Array)
#13 D:\yii115\framework\web\CWebApplication.php(324): CController->run('summary')
#14 D:\yii115\framework\web\CWebApplication.php(121): CWebApplication->runController('stock/summary')
#15 D:\yii115\framework\base\CApplication.php(135): CWebApplication->processRequest()
#16 C:\xampp\htdocs\cfornursery\index.php(15): CApplication->run()
#17 {main} REQUEST_URI=/cfornursery/index.php?r=stock/summary
2013/01/22 04:41:22 [error] [exception.CException] exception 'CException' with message 'SiteController cannot find the requested view "contact".' in D:\yii115\framework\web\CController.php:842
Stack trace:
#0 D:\yii115\framework\web\CController.php(746): CController->renderPartial('contact', Array, true)
#1 C:\xampp\htdocs\cfornursery\protected\controllers\SiteController.php(66): CController->render('contact', Array)
#2 D:\yii115\framework\web\actions\CInlineAction.php(57): SiteController->actionContact()
#3 D:\yii115\framework\web\CController.php(300): CInlineAction->run()
#4 D:\yii115\framework\web\CController.php(278): CController->runAction(Object(CInlineAction))
#5 D:\yii115\framework\web\CController.php(257): CController->runActionWithFilters(Object(CInlineAction), Array)
#6 D:\yii115\framework\web\CWebApplication.php(324): CController->run('contact')
#7 D:\yii115\framework\web\CWebApplication.php(121): CWebApplication->runController('site/contact')
#8 D:\yii115\framework\base\CApplication.php(135): CWebApplication->processRequest()
#9 C:\xampp\htdocs\cfornursery\index.php(15): CApplication->run()
#10 {main} REQUEST_URI=/cfornursery/index.php?r=site/contact
2013/01/22 04:41:24 [error] [system.db.CDbCommand] Error in querying SQL: SELECT * FROM `summary` `t` WHERE total <> 0
2013/01/22 04:41:24 [error] [exception.CDbException] exception 'CDbException' with message 'CDbCommand failed to execute the SQL statement: SQLSTATE[42S22]: Column not found: 1054 Unknown column 'total' in 'where clause'' in D:\yii115\framework\db\CDbCommand.php:408
Stack trace:
#0 D:\yii115\framework\db\CDbCommand.php(294): CDbCommand->queryInternal('fetchAll', 2, Array)
#1 D:\yii115\framework\db\ar\CActiveRecord.php(1238): CDbCommand->queryAll()
#2 D:\yii115\framework\db\ar\CActiveRecord.php(1324): CActiveRecord->query(Object(CDbCriteria), true)
#3 C:\xampp\htdocs\cfornursery\protected\controllers\StockController.php(163): CActiveRecord->findAll('total <> 0')
#4 D:\yii115\framework\web\actions\CInlineAction.php(57): StockController->actionSummary()
#5 D:\yii115\framework\web\CController.php(300): CInlineAction->run()
#6 D:\yii115\framework\web\filters\CFilterChain.php(133): CController->runAction(Object(CInlineAction))
#7 D:\yii115\framework\web\filters\CFilter.php(41): CFilterChain->run()
#8 D:\yii115\framework\web\CController.php(1084): CFilter->filter(Object(CFilterChain))
#9 D:\yii115\framework\web\filters\CInlineFilter.php(59): CController->filterAccessControl(Object(CFilterChain))
#10 D:\yii115\framework\web\filters\CFilterChain.php(130): CInlineFilter->filter(Object(CFilterChain))
#11 D:\yii115\framework\web\CController.php(283): CFilterChain->run()
#12 D:\yii115\framework\web\CController.php(257): CController->runActionWithFilters(Object(CInlineAction), Array)
#13 D:\yii115\framework\web\CWebApplication.php(324): CController->run('summary')
#14 D:\yii115\framework\web\CWebApplication.php(121): CWebApplication->runController('stock/summary')
#15 D:\yii115\framework\base\CApplication.php(135): CWebApplication->processRequest()
#16 C:\xampp\htdocs\cfornursery\index.php(15): CApplication->run()
#17 {main} REQUEST_URI=/cfornursery/index.php?r=stock/summary
2013/01/22 04:45:45 [error] [exception.CException] exception 'CException' with message 'SiteController cannot find the requested view "contact".' in D:\yii115\framework\web\CController.php:842
Stack trace:
#0 D:\yii115\framework\web\CController.php(746): CController->renderPartial('contact', Array, true)
#1 C:\xampp\htdocs\cfornursery\protected\controllers\SiteController.php(66): CController->render('contact', Array)
#2 D:\yii115\framework\web\actions\CInlineAction.php(57): SiteController->actionContact()
#3 D:\yii115\framework\web\CController.php(300): CInlineAction->run()
#4 D:\yii115\framework\web\CController.php(278): CController->runAction(Object(CInlineAction))
#5 D:\yii115\framework\web\CController.php(257): CController->runActionWithFilters(Object(CInlineAction), Array)
#6 D:\yii115\framework\web\CWebApplication.php(324): CController->run('contact')
#7 D:\yii115\framework\web\CWebApplication.php(121): CWebApplication->runController('site/contact')
#8 D:\yii115\framework\base\CApplication.php(135): CWebApplication->processRequest()
#9 C:\xampp\htdocs\cfornursery\index.php(15): CApplication->run()
#10 {main} REQUEST_URI=/cfornursery/index.php?r=site/contact
2013/01/22 05:42:28 [error] [system.db.CDbCommand] Error in querying SQL: SELECT * FROM `summary` `t` WHERE total <> 0
2013/01/22 05:42:28 [error] [exception.CDbException] exception 'CDbException' with message 'CDbCommand failed to execute the SQL statement: SQLSTATE[42S22]: Column not found: 1054 Unknown column 'total' in 'where clause'' in D:\yii115\framework\db\CDbCommand.php:408
Stack trace:
#0 D:\yii115\framework\db\CDbCommand.php(294): CDbCommand->queryInternal('fetchAll', 2, Array)
#1 D:\yii115\framework\db\ar\CActiveRecord.php(1238): CDbCommand->queryAll()
#2 D:\yii115\framework\db\ar\CActiveRecord.php(1324): CActiveRecord->query(Object(CDbCriteria), true)
#3 C:\xampp\htdocs\cfornursery\protected\controllers\StockController.php(163): CActiveRecord->findAll('total <> 0')
#4 D:\yii115\framework\web\actions\CInlineAction.php(57): StockController->actionSummary()
#5 D:\yii115\framework\web\CController.php(300): CInlineAction->run()
#6 D:\yii115\framework\web\filters\CFilterChain.php(133): CController->runAction(Object(CInlineAction))
#7 D:\yii115\framework\web\filters\CFilter.php(41): CFilterChain->run()
#8 D:\yii115\framework\web\CController.php(1084): CFilter->filter(Object(CFilterChain))
#9 D:\yii115\framework\web\filters\CInlineFilter.php(59): CController->filterAccessControl(Object(CFilterChain))
#10 D:\yii115\framework\web\filters\CFilterChain.php(130): CInlineFilter->filter(Object(CFilterChain))
#11 D:\yii115\framework\web\CController.php(283): CFilterChain->run()
#12 D:\yii115\framework\web\CController.php(257): CController->runActionWithFilters(Object(CInlineAction), Array)
#13 D:\yii115\framework\web\CWebApplication.php(324): CController->run('summary')
#14 D:\yii115\framework\web\CWebApplication.php(121): CWebApplication->runController('stock/summary')
#15 D:\yii115\framework\base\CApplication.php(135): CWebApplication->processRequest()
#16 C:\xampp\htdocs\cfornursery\index.php(15): CApplication->run()
#17 {main} REQUEST_URI=/cfornursery/index.php?r=stock/summary
2013/01/22 06:03:27 [error] [system.db.CDbCommand] Error in querying SQL: SELECT * FROM `summary` `t` WHERE total <> 0
2013/01/22 06:03:27 [error] [exception.CDbException] exception 'CDbException' with message 'CDbCommand failed to execute the SQL statement: SQLSTATE[42S22]: Column not found: 1054 Unknown column 'total' in 'where clause'' in D:\yii115\framework\db\CDbCommand.php:408
Stack trace:
#0 D:\yii115\framework\db\CDbCommand.php(294): CDbCommand->queryInternal('fetchAll', 2, Array)
#1 D:\yii115\framework\db\ar\CActiveRecord.php(1238): CDbCommand->queryAll()
#2 D:\yii115\framework\db\ar\CActiveRecord.php(1324): CActiveRecord->query(Object(CDbCriteria), true)
#3 C:\xampp\htdocs\cfornursery\protected\controllers\StockController.php(163): CActiveRecord->findAll('total <> 0')
#4 D:\yii115\framework\web\actions\CInlineAction.php(57): StockController->actionSummary()
#5 D:\yii115\framework\web\CController.php(300): CInlineAction->run()
#6 D:\yii115\framework\web\filters\CFilterChain.php(133): CController->runAction(Object(CInlineAction))
#7 D:\yii115\framework\web\filters\CFilter.php(41): CFilterChain->run()
#8 D:\yii115\framework\web\CController.php(1084): CFilter->filter(Object(CFilterChain))
#9 D:\yii115\framework\web\filters\CInlineFilter.php(59): CController->filterAccessControl(Object(CFilterChain))
#10 D:\yii115\framework\web\filters\CFilterChain.php(130): CInlineFilter->filter(Object(CFilterChain))
#11 D:\yii115\framework\web\CController.php(283): CFilterChain->run()
#12 D:\yii115\framework\web\CController.php(257): CController->runActionWithFilters(Object(CInlineAction), Array)
#13 D:\yii115\framework\web\CWebApplication.php(324): CController->run('summary')
#14 D:\yii115\framework\web\CWebApplication.php(121): CWebApplication->runController('stock/summary')
#15 D:\yii115\framework\base\CApplication.php(135): CWebApplication->processRequest()
#16 C:\xampp\htdocs\cfornursery\index.php(15): CApplication->run()
#17 {main} REQUEST_URI=/cfornursery/index.php?r=stock/summary
2013/01/22 06:03:28 [error] [system.db.CDbCommand] Error in querying SQL: SELECT * FROM `summary` `t` WHERE total <> 0
2013/01/22 06:03:28 [error] [exception.CDbException] exception 'CDbException' with message 'CDbCommand failed to execute the SQL statement: SQLSTATE[42S22]: Column not found: 1054 Unknown column 'total' in 'where clause'' in D:\yii115\framework\db\CDbCommand.php:408
Stack trace:
#0 D:\yii115\framework\db\CDbCommand.php(294): CDbCommand->queryInternal('fetchAll', 2, Array)
#1 D:\yii115\framework\db\ar\CActiveRecord.php(1238): CDbCommand->queryAll()
#2 D:\yii115\framework\db\ar\CActiveRecord.php(1324): CActiveRecord->query(Object(CDbCriteria), true)
#3 C:\xampp\htdocs\cfornursery\protected\controllers\StockController.php(163): CActiveRecord->findAll('total <> 0')
#4 D:\yii115\framework\web\actions\CInlineAction.php(57): StockController->actionSummary()
#5 D:\yii115\framework\web\CController.php(300): CInlineAction->run()
#6 D:\yii115\framework\web\filters\CFilterChain.php(133): CController->runAction(Object(CInlineAction))
#7 D:\yii115\framework\web\filters\CFilter.php(41): CFilterChain->run()
#8 D:\yii115\framework\web\CController.php(1084): CFilter->filter(Object(CFilterChain))
#9 D:\yii115\framework\web\filters\CInlineFilter.php(59): CController->filterAccessControl(Object(CFilterChain))
#10 D:\yii115\framework\web\filters\CFilterChain.php(130): CInlineFilter->filter(Object(CFilterChain))
#11 D:\yii115\framework\web\CController.php(283): CFilterChain->run()
#12 D:\yii115\framework\web\CController.php(257): CController->runActionWithFilters(Object(CInlineAction), Array)
#13 D:\yii115\framework\web\CWebApplication.php(324): CController->run('summary')
#14 D:\yii115\framework\web\CWebApplication.php(121): CWebApplication->runController('stock/summary')
#15 D:\yii115\framework\base\CApplication.php(135): CWebApplication->processRequest()
#16 C:\xampp\htdocs\cfornursery\index.php(15): CApplication->run()
#17 {main} REQUEST_URI=/cfornursery/index.php?r=stock/summary
2013/01/22 06:11:44 [error] [php] Use of undefined constant htmlOptions - assumed 'htmlOptions' (C:\xampp\htdocs\cfornursery\protected\views\stock\summary.php:36)
Stack trace:
#0 D:\yii115\framework\web\CController.php(833): StockController->renderFile()
#1 D:\yii115\framework\web\CController.php(746): StockController->renderPartial()
#2 C:\xampp\htdocs\cfornursery\protected\controllers\StockController.php(166): StockController->render()
#3 D:\yii115\framework\web\actions\CInlineAction.php(57): StockController->actionSummary()
#4 D:\yii115\framework\web\CController.php(300): CInlineAction->run()
#5 D:\yii115\framework\web\filters\CFilterChain.php(133): StockController->runAction()
#6 D:\yii115\framework\web\filters\CFilter.php(41): CFilterChain->run()
#7 D:\yii115\framework\web\CController.php(1084): CAccessControlFilter->filter()
#8 D:\yii115\framework\web\filters\CInlineFilter.php(59): StockController->filterAccessControl()
#9 D:\yii115\framework\web\filters\CFilterChain.php(130): CInlineFilter->filter()
#10 D:\yii115\framework\web\CController.php(283): CFilterChain->run()
#11 D:\yii115\framework\web\CController.php(257): StockController->runActionWithFilters()
#12 D:\yii115\framework\web\CWebApplication.php(324): StockController->run()
#13 D:\yii115\framework\web\CWebApplication.php(121): CWebApplication->runController()
#14 D:\yii115\framework\base\CApplication.php(135): CWebApplication->processRequest()
#15 C:\xampp\htdocs\cfornursery\index.php(15): CWebApplication->run()
REQUEST_URI=/cfornursery/index.php?r=stock/summary
2013/01/22 06:11:46 [error] [php] Use of undefined constant htmlOptions - assumed 'htmlOptions' (C:\xampp\htdocs\cfornursery\protected\views\stock\summary.php:36)
Stack trace:
#0 D:\yii115\framework\web\CController.php(833): StockController->renderFile()
#1 D:\yii115\framework\web\CController.php(746): StockController->renderPartial()
#2 C:\xampp\htdocs\cfornursery\protected\controllers\StockController.php(166): StockController->render()
#3 D:\yii115\framework\web\actions\CInlineAction.php(57): StockController->actionSummary()
#4 D:\yii115\framework\web\CController.php(300): CInlineAction->run()
#5 D:\yii115\framework\web\filters\CFilterChain.php(133): StockController->runAction()
#6 D:\yii115\framework\web\filters\CFilter.php(41): CFilterChain->run()
#7 D:\yii115\framework\web\CController.php(1084): CAccessControlFilter->filter()
#8 D:\yii115\framework\web\filters\CInlineFilter.php(59): StockController->filterAccessControl()
#9 D:\yii115\framework\web\filters\CFilterChain.php(130): CInlineFilter->filter()
#10 D:\yii115\framework\web\CController.php(283): CFilterChain->run()
#11 D:\yii115\framework\web\CController.php(257): StockController->runActionWithFilters()
#12 D:\yii115\framework\web\CWebApplication.php(324): StockController->run()
#13 D:\yii115\framework\web\CWebApplication.php(121): CWebApplication->runController()
#14 D:\yii115\framework\base\CApplication.php(135): CWebApplication->processRequest()
#15 C:\xampp\htdocs\cfornursery\index.php(15): CWebApplication->run()
REQUEST_URI=/cfornursery/index.php?r=stock/summary
2013/01/22 06:22:34 [error] [php] Use of undefined constant htmlOptions - assumed 'htmlOptions' (C:\xampp\htdocs\cfornursery\protected\views\stock\summary.php:36)
Stack trace:
#0 D:\yii115\framework\web\CController.php(833): StockController->renderFile()
#1 D:\yii115\framework\web\CController.php(746): StockController->renderPartial()
#2 C:\xampp\htdocs\cfornursery\protected\controllers\StockController.php(166): StockController->render()
#3 D:\yii115\framework\web\actions\CInlineAction.php(57): StockController->actionSummary()
#4 D:\yii115\framework\web\CController.php(300): CInlineAction->run()
#5 D:\yii115\framework\web\filters\CFilterChain.php(133): StockController->runAction()
#6 D:\yii115\framework\web\filters\CFilter.php(41): CFilterChain->run()
#7 D:\yii115\framework\web\CController.php(1084): CAccessControlFilter->filter()
#8 D:\yii115\framework\web\filters\CInlineFilter.php(59): StockController->filterAccessControl()
#9 D:\yii115\framework\web\filters\CFilterChain.php(130): CInlineFilter->filter()
#10 D:\yii115\framework\web\CController.php(283): CFilterChain->run()
#11 D:\yii115\framework\web\CController.php(257): StockController->runActionWithFilters()
#12 D:\yii115\framework\web\CWebApplication.php(324): StockController->run()
#13 D:\yii115\framework\web\CWebApplication.php(121): CWebApplication->runController()
#14 D:\yii115\framework\base\CApplication.php(135): CWebApplication->processRequest()
#15 C:\xampp\htdocs\cfornursery\index.php(15): CWebApplication->run()
REQUEST_URI=/cfornursery/index.php?r=stock/summary
